-------------------------------------------------------------------------------
Test set: com.cyrev.iam.scim.ScimFullIntegrationTest
-------------------------------------------------------------------------------
Tests run: 2, Failures: 0, Errors: 2, Skipped: 0, Time elapsed: 3.782 s <<< FAILURE! -- in com.cyrev.iam.scim.ScimFullIntegrationTest
com.cyrev.iam.scim.ScimFullIntegrationTest.testFullGroupLifecycle -- Time elapsed: 0.004 s <<< ERROR!
java.lang.IllegalStateException: Failed to load ApplicationContext for [WebMergedContextConfiguration@3e755d5f testClass = com.cyrev.iam.scim.ScimFullIntegrationTest, locations = [], classes = [com.cyrev.iam.Application], contextInitializerClasses = [], activeProfiles = ["test"], propertySourceDescriptors = [], propertySourceProperties = ["org.springframework.boot.test.context.SpringBootTestContextBootstrapper=true"], contextCustomizers = [[ImportsContextCustomizer@501b296a key = [org.springframework.boot.test.autoconfigure.web.servlet.MockMvcWebDriverAutoConfiguration, org.springframework.boot.autoconfigure.security.oauth2.client.servlet.OAuth2ClientWebSecurityAutoConfiguration, org.springframework.boot.test.autoconfigure.web.servlet.MockMvcAutoConfiguration, org.springframework.boot.autoconfigure.security.saml2.Saml2RelyingPartyAutoConfiguration, org.springframework.boot.autoconfigure.security.servlet.SecurityAutoConfiguration, org.springframework.boot.autoconfigure.security.servlet.SecurityFilterAutoConfiguration, org.springframework.boot.autoconfigure.security.servlet.UserDetailsServiceAutoConfiguration, org.springframework.boot.autoconfigure.security.oauth2.resource.servlet.OAuth2ResourceServerAutoConfiguration, org.springframework.boot.test.autoconfigure.web.servlet.MockMvcSecurityConfiguration, org.springframework.boot.test.autoconfigure.web.servlet.MockMvcWebClientAutoConfiguration, org.springframework.boot.autoconfigure.security.oauth2.client.OAuth2ClientAutoConfiguration, org.springframework.boot.test.autoconfigure.web.reactive.WebTestClientAutoConfiguration]], org.springframework.boot.test.context.filter.ExcludeFilterContextCustomizer@53d102a2, org.springframework.boot.test.json.DuplicateJsonObjectContextCustomizerFactory$DuplicateJsonObjectContextCustomizer@42463763, org.springframework.boot.test.mock.mockito.MockitoContextCustomizer@0, org.springframework.boot.test.web.client.TestRestTemplateContextCustomizer@54c62d71, org.springframework.boot.test.web.reactive.server.WebTestClientContextCustomizer@2dd80673, org.springframework.boot.test.web.reactor.netty.DisableReactorResourceFactoryGlobalResourcesContextCustomizerFactory$DisableReactorResourceFactoryGlobalResourcesContextCustomizerCustomizer@299321e2, org.springframework.boot.test.autoconfigure.OnFailureConditionReportContextCustomizerFactory$OnFailureConditionReportContextCustomizer@158a3b2e, org.springframework.boot.test.autoconfigure.actuate.observability.ObservabilityContextCustomizerFactory$DisableObservabilityContextCustomizer@1f, org.springframework.boot.test.autoconfigure.properties.PropertyMappingContextCustomizer@4b3fa0b3, org.springframework.boot.test.autoconfigure.web.servlet.WebDriverContextCustomizer@65fe9e33, org.springframework.test.context.support.DynamicPropertiesContextCustomizer@0, org.springframework.boot.test.context.SpringBootTestAnnotation@34e3b7f], resourceBasePath = "src/main/webapp", contextLoader = org.springframework.boot.test.context.SpringBootContextLoader, parent = null]
	at org.springframework.test.context.cache.DefaultCacheAwareContextLoaderDelegate.loadContext(DefaultCacheAwareContextLoaderDelegate.java:180)
	at org.springframework.test.context.support.DefaultTestContext.getApplicationContext(DefaultTestContext.java:130)
	at org.springframework.test.context.web.ServletTestExecutionListener.setUpRequestContextIfNecessary(ServletTestExecutionListener.java:200)
	at org.springframework.test.context.web.ServletTestExecutionListener.prepareTestInstance(ServletTestExecutionListener.java:139)
	at org.springframework.test.context.TestContextManager.prepareTestInstance(TestContextManager.java:260)
	at org.springframework.test.context.junit.jupiter.SpringExtension.postProcessTestInstance(SpringExtension.java:159)
	at java.base/java.util.stream.ForEachOps$ForEachOp$OfRef.accept(ForEachOps.java:184)
	at java.base/java.util.stream.ReferencePipeline$3$1.accept(ReferencePipeline.java:197)
	at java.base/java.util.stream.ReferencePipeline$2$1.accept(ReferencePipeline.java:179)
	at java.base/java.util.stream.ReferencePipeline$3$1.accept(ReferencePipeline.java:197)
	at java.base/java.util.ArrayList$ArrayListSpliterator.forEachRemaining(ArrayList.java:1708)
	at java.base/java.util.stream.AbstractPipeline.copyInto(AbstractPipeline.java:509)
	at java.base/java.util.stream.AbstractPipeline.wrapAndCopyInto(AbstractPipeline.java:499)
	at java.base/java.util.stream.ForEachOps$ForEachOp.evaluateSequential(ForEachOps.java:151)
	at java.base/java.util.stream.ForEachOps$ForEachOp$OfRef.evaluateSequential(ForEachOps.java:174)
	at java.base/java.util.stream.AbstractPipeline.evaluate(AbstractPipeline.java:234)
	at java.base/java.util.stream.ReferencePipeline.forEach(ReferencePipeline.java:596)
	at java.base/java.util.Optional.orElseGet(Optional.java:364)
	at java.base/java.util.ArrayList.forEach(ArrayList.java:1596)
	at java.base/java.util.ArrayList.forEach(ArrayList.java:1596)
Caused by: org.springframework.beans.factory.BeanCreationException: Error creating bean with name 'entityManagerFactory' defined in class path resource [org/springframework/boot/autoconfigure/orm/jpa/HibernateJpaConfiguration.class]: Failed to initialize dependency 'liquibase' of LoadTimeWeaverAware bean 'entityManagerFactory': Error creating bean with name 'liquibase' defined in class path resource [org/springframework/boot/autoconfigure/liquibase/LiquibaseAutoConfiguration$LiquibaseConfiguration.class]: liquibase.exception.CommandExecutionException: liquibase.exception.LiquibaseException: liquibase.exception.MigrationFailedException: Migration failed for changeset db/changelog/2026/01/27-01-changelog.xml::1769542588580-1::apata:
     Reason: liquibase.exception.DatabaseException: Unknown data type: "OID"; SQL statement:
CREATE TABLE PUBLIC.app_assignments (id UUID NOT NULL, created_at TIMESTAMP, updated_at TIMESTAMP, created_by VARCHAR(255), updated_by VARCHAR(255), version BIGINT, deleted BOOLEAN NOT NULL, user_id UUID NOT NULL, manager_id UUID, app VARCHAR(255), role VARCHAR(255), status VARCHAR(255), failure_reason OID, CONSTRAINT pk_app_assignments PRIMARY KEY (id)) [50004-232] [Failed SQL: (50004) CREATE TABLE PUBLIC.app_assignments (id UUID NOT NULL, created_at TIMESTAMP, updated_at TIMESTAMP, created_by VARCHAR(255), updated_by VARCHAR(255), version BIGINT, deleted BOOLEAN NOT NULL, user_id UUID NOT NULL, manager_id UUID, app VARCHAR(255), role VARCHAR(255), status VARCHAR(255), failure_reason OID, CONSTRAINT pk_app_assignments PRIMARY KEY (id))]
	at org.springframework.beans.factory.support.AbstractBeanFactory.doGetBean(AbstractBeanFactory.java:328)
	at org.springframework.beans.factory.support.AbstractBeanFactory.getBean(AbstractBeanFactory.java:207)
	at org.springframework.context.support.AbstractApplicationContext.finishBeanFactoryInitialization(AbstractApplicationContext.java:973)
	at org.springframework.context.support.AbstractApplicationContext.refresh(AbstractApplicationContext.java:627)
	at org.springframework.boot.SpringApplication.refresh(SpringApplication.java:752)
	at org.springframework.boot.SpringApplication.refreshContext(SpringApplication.java:439)
	at org.springframework.boot.SpringApplication.run(SpringApplication.java:318)
	at org.springframework.boot.test.context.SpringBootContextLoader.lambda$loadContext$3(SpringBootContextLoader.java:152)
	at org.springframework.util.function.ThrowingSupplier.get(ThrowingSupplier.java:58)
	at org.springframework.util.function.ThrowingSupplier.get(ThrowingSupplier.java:46)
	at org.springframework.boot.SpringApplication.withHook(SpringApplication.java:1461)
	at org.springframework.boot.test.context.SpringBootContextLoader$ContextLoaderHook.run(SpringBootContextLoader.java:595)
	at org.springframework.boot.test.context.SpringBootContextLoader.loadContext(SpringBootContextLoader.java:152)
	at org.springframework.boot.test.context.SpringBootContextLoader.loadContext(SpringBootContextLoader.java:111)
	at org.springframework.test.context.cache.DefaultCacheAwareContextLoaderDelegate.loadContextInternal(DefaultCacheAwareContextLoaderDelegate.java:225)
	at org.springframework.test.context.cache.DefaultCacheAwareContextLoaderDelegate.loadContext(DefaultCacheAwareContextLoaderDelegate.java:152)
	... 19 more
Caused by: org.springframework.beans.factory.BeanCreationException: Error creating bean with name 'liquibase' defined in class path resource [org/springframework/boot/autoconfigure/liquibase/LiquibaseAutoConfiguration$LiquibaseConfiguration.class]: liquibase.exception.CommandExecutionException: liquibase.exception.LiquibaseException: liquibase.exception.MigrationFailedException: Migration failed for changeset db/changelog/2026/01/27-01-changelog.xml::1769542588580-1::apata:
     Reason: liquibase.exception.DatabaseException: Unknown data type: "OID"; SQL statement:
CREATE TABLE PUBLIC.app_assignments (id UUID NOT NULL, created_at TIMESTAMP, updated_at TIMESTAMP, created_by VARCHAR(255), updated_by VARCHAR(255), version BIGINT, deleted BOOLEAN NOT NULL, user_id UUID NOT NULL, manager_id UUID, app VARCHAR(255), role VARCHAR(255), status VARCHAR(255), failure_reason OID, CONSTRAINT pk_app_assignments PRIMARY KEY (id)) [50004-232] [Failed SQL: (50004) CREATE TABLE PUBLIC.app_assignments (id UUID NOT NULL, created_at TIMESTAMP, updated_at TIMESTAMP, created_by VARCHAR(255), updated_by VARCHAR(255), version BIGINT, deleted BOOLEAN NOT NULL, user_id UUID NOT NULL, manager_id UUID, app VARCHAR(255), role VARCHAR(255), status VARCHAR(255), failure_reason OID, CONSTRAINT pk_app_assignments PRIMARY KEY (id))]
	at org.springframework.beans.factory.support.AbstractAutowireCapableBeanFactory.initializeBean(AbstractAutowireCapableBeanFactory.java:1826)
	at org.springframework.beans.factory.support.AbstractAutowireCapableBeanFactory.doCreateBean(AbstractAutowireCapableBeanFactory.java:607)
	at org.springframework.beans.factory.support.AbstractAutowireCapableBeanFactory.createBean(AbstractAutowireCapableBeanFactory.java:529)
	at org.springframework.beans.factory.support.AbstractBeanFactory.lambda$doGetBean$0(AbstractBeanFactory.java:339)
	at org.springframework.beans.factory.support.DefaultSingletonBeanRegistry.getSingleton(DefaultSingletonBeanRegistry.java:373)
	at org.springframework.beans.factory.support.AbstractBeanFactory.doGetBean(AbstractBeanFactory.java:337)
	at org.springframework.beans.factory.support.AbstractBeanFactory.getBean(AbstractBeanFactory.java:202)
	at org.springframework.beans.factory.support.AbstractBeanFactory.doGetBean(AbstractBeanFactory.java:315)
	... 34 more
Caused by: liquibase.exception.LiquibaseException: liquibase.exception.CommandExecutionException: liquibase.exception.LiquibaseException: liquibase.exception.MigrationFailedException: Migration failed for changeset db/changelog/2026/01/27-01-changelog.xml::1769542588580-1::apata:
     Reason: liquibase.exception.DatabaseException: Unknown data type: "OID"; SQL statement:
CREATE TABLE PUBLIC.app_assignments (id UUID NOT NULL, created_at TIMESTAMP, updated_at TIMESTAMP, created_by VARCHAR(255), updated_by VARCHAR(255), version BIGINT, deleted BOOLEAN NOT NULL, user_id UUID NOT NULL, manager_id UUID, app VARCHAR(255), role VARCHAR(255), status VARCHAR(255), failure_reason OID, CONSTRAINT pk_app_assignments PRIMARY KEY (id)) [50004-232] [Failed SQL: (50004) CREATE TABLE PUBLIC.app_assignments (id UUID NOT NULL, created_at TIMESTAMP, updated_at TIMESTAMP, created_by VARCHAR(255), updated_by VARCHAR(255), version BIGINT, deleted BOOLEAN NOT NULL, user_id UUID NOT NULL, manager_id UUID, app VARCHAR(255), role VARCHAR(255), status VARCHAR(255), failure_reason OID, CONSTRAINT pk_app_assignments PRIMARY KEY (id))]
	at liquibase.integration.spring.SpringLiquibase.afterPropertiesSet(SpringLiquibase.java:288)
	at org.springframework.beans.factory.support.AbstractAutowireCapableBeanFactory.invokeInitMethods(AbstractAutowireCapableBeanFactory.java:1873)
	at org.springframework.beans.factory.support.AbstractAutowireCapableBeanFactory.initializeBean(AbstractAutowireCapableBeanFactory.java:1822)
	... 41 more
Caused by: liquibase.exception.CommandExecutionException: liquibase.exception.LiquibaseException: liquibase.exception.MigrationFailedException: Migration failed for changeset db/changelog/2026/01/27-01-changelog.xml::1769542588580-1::apata:
     Reason: liquibase.exception.DatabaseException: Unknown data type: "OID"; SQL statement:
CREATE TABLE PUBLIC.app_assignments (id UUID NOT NULL, created_at TIMESTAMP, updated_at TIMESTAMP, created_by VARCHAR(255), updated_by VARCHAR(255), version BIGINT, deleted BOOLEAN NOT NULL, user_id UUID NOT NULL, manager_id UUID, app VARCHAR(255), role VARCHAR(255), status VARCHAR(255), failure_reason OID, CONSTRAINT pk_app_assignments PRIMARY KEY (id)) [50004-232] [Failed SQL: (50004) CREATE TABLE PUBLIC.app_assignments (id UUID NOT NULL, created_at TIMESTAMP, updated_at TIMESTAMP, created_by VARCHAR(255), updated_by VARCHAR(255), version BIGINT, deleted BOOLEAN NOT NULL, user_id UUID NOT NULL, manager_id UUID, app VARCHAR(255), role VARCHAR(255), status VARCHAR(255), failure_reason OID, CONSTRAINT pk_app_assignments PRIMARY KEY (id))]
	at liquibase.command.CommandScope.lambda$execute$6(CommandScope.java:300)
	at liquibase.Scope.child(Scope.java:210)
	at liquibase.Scope.child(Scope.java:186)
	at liquibase.command.CommandScope.execute(CommandScope.java:241)
	at liquibase.Liquibase.lambda$update$0(Liquibase.java:216)
	at liquibase.Scope.lambda$child$0(Scope.java:201)
	at liquibase.Scope.child(Scope.java:210)
	at liquibase.Scope.child(Scope.java:200)
	at liquibase.Scope.child(Scope.java:179)
	at liquibase.Liquibase.runInScope(Liquibase.java:1333)
	at liquibase.Liquibase.update(Liquibase.java:205)
	at liquibase.Liquibase.update(Liquibase.java:188)
	at liquibase.integration.spring.SpringLiquibase.performUpdate(SpringLiquibase.java:326)
	at liquibase.integration.spring.SpringLiquibase.lambda$afterPropertiesSet$0(SpringLiquibase.java:278)
	at liquibase.Scope.lambda$child$0(Scope.java:201)
	at liquibase.Scope.child(Scope.java:210)
	at liquibase.Scope.child(Scope.java:200)
	at liquibase.Scope.child(Scope.java:179)
	at liquibase.integration.spring.SpringLiquibase.afterPropertiesSet(SpringLiquibase.java:271)
	... 43 more
Caused by: liquibase.exception.LiquibaseException: liquibase.exception.MigrationFailedException: Migration failed for changeset db/changelog/2026/01/27-01-changelog.xml::1769542588580-1::apata:
     Reason: liquibase.exception.DatabaseException: Unknown data type: "OID"; SQL statement:
CREATE TABLE PUBLIC.app_assignments (id UUID NOT NULL, created_at TIMESTAMP, updated_at TIMESTAMP, created_by VARCHAR(255), updated_by VARCHAR(255), version BIGINT, deleted BOOLEAN NOT NULL, user_id UUID NOT NULL, manager_id UUID, app VARCHAR(255), role VARCHAR(255), status VARCHAR(255), failure_reason OID, CONSTRAINT pk_app_assignments PRIMARY KEY (id)) [50004-232] [Failed SQL: (50004) CREATE TABLE PUBLIC.app_assignments (id UUID NOT NULL, created_at TIMESTAMP, updated_at TIMESTAMP, created_by VARCHAR(255), updated_by VARCHAR(255), version BIGINT, deleted BOOLEAN NOT NULL, user_id UUID NOT NULL, manager_id UUID, app VARCHAR(255), role VARCHAR(255), status VARCHAR(255), failure_reason OID, CONSTRAINT pk_app_assignments PRIMARY KEY (id))]
	at liquibase.changelog.ChangeLogIterator.run(ChangeLogIterator.java:155)
	at liquibase.command.core.AbstractUpdateCommandStep.lambda$run$0(AbstractUpdateCommandStep.java:114)
	at liquibase.Scope.lambda$child$0(Scope.java:201)
	at liquibase.Scope.child(Scope.java:210)
	at liquibase.Scope.child(Scope.java:200)
	at liquibase.Scope.child(Scope.java:179)
	at liquibase.command.core.AbstractUpdateCommandStep.run(AbstractUpdateCommandStep.java:112)
	at liquibase.command.core.UpdateCommandStep.run(UpdateCommandStep.java:100)
	at liquibase.command.CommandScope.lambda$execute$6(CommandScope.java:253)
	... 61 more
Caused by: liquibase.exception.MigrationFailedException: Migration failed for changeset db/changelog/2026/01/27-01-changelog.xml::1769542588580-1::apata:
     Reason: liquibase.exception.DatabaseException: Unknown data type: "OID"; SQL statement:
CREATE TABLE PUBLIC.app_assignments (id UUID NOT NULL, created_at TIMESTAMP, updated_at TIMESTAMP, created_by VARCHAR(255), updated_by VARCHAR(255), version BIGINT, deleted BOOLEAN NOT NULL, user_id UUID NOT NULL, manager_id UUID, app VARCHAR(255), role VARCHAR(255), status VARCHAR(255), failure_reason OID, CONSTRAINT pk_app_assignments PRIMARY KEY (id)) [50004-232] [Failed SQL: (50004) CREATE TABLE PUBLIC.app_assignments (id UUID NOT NULL, created_at TIMESTAMP, updated_at TIMESTAMP, created_by VARCHAR(255), updated_by VARCHAR(255), version BIGINT, deleted BOOLEAN NOT NULL, user_id UUID NOT NULL, manager_id UUID, app VARCHAR(255), role VARCHAR(255), status VARCHAR(255), failure_reason OID, CONSTRAINT pk_app_assignments PRIMARY KEY (id))]
	at liquibase.changelog.ChangeSet.execute(ChangeSet.java:840)
	at liquibase.changelog.visitor.UpdateVisitor.executeAcceptedChange(UpdateVisitor.java:126)
	at liquibase.changelog.visitor.UpdateVisitor.visit(UpdateVisitor.java:70)
	at liquibase.changelog.ChangeLogIterator.lambda$run$0(ChangeLogIterator.java:133)
	at liquibase.Scope.lambda$child$0(Scope.java:201)
	at liquibase.Scope.child(Scope.java:210)
	at liquibase.Scope.child(Scope.java:200)
	at liquibase.Scope.child(Scope.java:179)
	at liquibase.changelog.ChangeLogIterator.lambda$run$1(ChangeLogIterator.java:122)
	at liquibase.Scope.lambda$child$0(Scope.java:201)
	at liquibase.Scope.child(Scope.java:210)
	at liquibase.Scope.child(Scope.java:200)
	at liquibase.Scope.child(Scope.java:179)
	at liquibase.Scope.child(Scope.java:267)
	at liquibase.Scope.child(Scope.java:271)
	at liquibase.changelog.ChangeLogIterator.run(ChangeLogIterator.java:91)
	... 69 more
Caused by: liquibase.exception.DatabaseException: Unknown data type: "OID"; SQL statement:
CREATE TABLE PUBLIC.app_assignments (id UUID NOT NULL, created_at TIMESTAMP, updated_at TIMESTAMP, created_by VARCHAR(255), updated_by VARCHAR(255), version BIGINT, deleted BOOLEAN NOT NULL, user_id UUID NOT NULL, manager_id UUID, app VARCHAR(255), role VARCHAR(255), status VARCHAR(255), failure_reason OID, CONSTRAINT pk_app_assignments PRIMARY KEY (id)) [50004-232] [Failed SQL: (50004) CREATE TABLE PUBLIC.app_assignments (id UUID NOT NULL, created_at TIMESTAMP, updated_at TIMESTAMP, created_by VARCHAR(255), updated_by VARCHAR(255), version BIGINT, deleted BOOLEAN NOT NULL, user_id UUID NOT NULL, manager_id UUID, app VARCHAR(255), role VARCHAR(255), status VARCHAR(255), failure_reason OID, CONSTRAINT pk_app_assignments PRIMARY KEY (id))]
	at liquibase.executor.jvm.JdbcExecutor$ExecuteStatementCallback.doInStatement(JdbcExecutor.java:497)
	at liquibase.executor.jvm.JdbcExecutor.execute(JdbcExecutor.java:83)
	at liquibase.executor.jvm.JdbcExecutor.execute(JdbcExecutor.java:185)
	at liquibase.executor.AbstractExecutor.execute(AbstractExecutor.java:141)
	at liquibase.database.AbstractJdbcDatabase.executeStatements(AbstractJdbcDatabase.java:1189)
	at liquibase.changelog.ChangeSet.execute(ChangeSet.java:790)
	... 84 more
Caused by: org.h2.jdbc.JdbcSQLNonTransientException: Unknown data type: "OID"; SQL statement:
CREATE TABLE PUBLIC.app_assignments (id UUID NOT NULL, created_at TIMESTAMP, updated_at TIMESTAMP, created_by VARCHAR(255), updated_by VARCHAR(255), version BIGINT, deleted BOOLEAN NOT NULL, user_id UUID NOT NULL, manager_id UUID, app VARCHAR(255), role VARCHAR(255), status VARCHAR(255), failure_reason OID, CONSTRAINT pk_app_assignments PRIMARY KEY (id)) [50004-232]
	at org.h2.message.DbException.getJdbcSQLException(DbException.java:566)
	at org.h2.message.DbException.getJdbcSQLException(DbException.java:489)
	at org.h2.message.DbException.get(DbException.java:223)
	at org.h2.message.DbException.get(DbException.java:199)
	at org.h2.command.Parser.readIfDataType1(Parser.java:5860)
	at org.h2.command.Parser.readIfDataType(Parser.java:5698)
	at org.h2.command.Parser.parseColumnWithType(Parser.java:5680)
	at org.h2.command.Parser.parseColumnForTable(Parser.java:5559)
	at org.h2.command.Parser.parseTableColumnDefinition(Parser.java:8876)
	at org.h2.command.Parser.parseCreateTable(Parser.java:8819)
	at org.h2.command.Parser.parseCreate(Parser.java:6398)
	at org.h2.command.Parser.parsePrepared(Parser.java:645)
	at org.h2.command.Parser.parse(Parser.java:581)
	at org.h2.command.Parser.parse(Parser.java:556)
	at org.h2.command.Parser.prepareCommand(Parser.java:484)
	at org.h2.engine.SessionLocal.prepareLocal(SessionLocal.java:645)
	at org.h2.engine.SessionLocal.prepareCommand(SessionLocal.java:561)
	at org.h2.jdbc.JdbcConnection.prepareCommand(JdbcConnection.java:1164)
	at org.h2.jdbc.JdbcStatement.executeInternal(JdbcStatement.java:245)
	at org.h2.jdbc.JdbcStatement.execute(JdbcStatement.java:231)
	at com.zaxxer.hikari.pool.ProxyStatement.execute(ProxyStatement.java:95)
	at com.zaxxer.hikari.pool.HikariProxyStatement.execute(HikariProxyStatement.java)
	at liquibase.executor.jvm.JdbcExecutor$ExecuteStatementCallback.doInStatement(JdbcExecutor.java:491)
	... 89 more

com.cyrev.iam.scim.ScimFullIntegrationTest.testFullUserLifecycle -- Time elapsed: 0 s <<< ERROR!
java.lang.IllegalStateException: ApplicationContext failure threshold (1) exceeded: skipping repeated attempt to load context for [WebMergedContextConfiguration@3e755d5f testClass = com.cyrev.iam.scim.ScimFullIntegrationTest, locations = [], classes = [com.cyrev.iam.Application], contextInitializerClasses = [], activeProfiles = ["test"], propertySourceDescriptors = [], propertySourceProperties = ["org.springframework.boot.test.context.SpringBootTestContextBootstrapper=true"], contextCustomizers = [[ImportsContextCustomizer@501b296a key = [org.springframework.boot.test.autoconfigure.web.servlet.MockMvcWebDriverAutoConfiguration, org.springframework.boot.autoconfigure.security.oauth2.client.servlet.OAuth2ClientWebSecurityAutoConfiguration, org.springframework.boot.test.autoconfigure.web.servlet.MockMvcAutoConfiguration, org.springframework.boot.autoconfigure.security.saml2.Saml2RelyingPartyAutoConfiguration, org.springframework.boot.autoconfigure.security.servlet.SecurityAutoConfiguration, org.springframework.boot.autoconfigure.security.servlet.SecurityFilterAutoConfiguration, org.springframework.boot.autoconfigure.security.servlet.UserDetailsServiceAutoConfiguration, org.springframework.boot.autoconfigure.security.oauth2.resource.servlet.OAuth2ResourceServerAutoConfiguration, org.springframework.boot.test.autoconfigure.web.servlet.MockMvcSecurityConfiguration, org.springframework.boot.test.autoconfigure.web.servlet.MockMvcWebClientAutoConfiguration, org.springframework.boot.autoconfigure.security.oauth2.client.OAuth2ClientAutoConfiguration, org.springframework.boot.test.autoconfigure.web.reactive.WebTestClientAutoConfiguration]], org.springframework.boot.test.context.filter.ExcludeFilterContextCustomizer@53d102a2, org.springframework.boot.test.json.DuplicateJsonObjectContextCustomizerFactory$DuplicateJsonObjectContextCustomizer@42463763, org.springframework.boot.test.mock.mockito.MockitoContextCustomizer@0, org.springframework.boot.test.web.client.TestRestTemplateContextCustomizer@54c62d71, org.springframework.boot.test.web.reactive.server.WebTestClientContextCustomizer@2dd80673, org.springframework.boot.test.web.reactor.netty.DisableReactorResourceFactoryGlobalResourcesContextCustomizerFactory$DisableReactorResourceFactoryGlobalResourcesContextCustomizerCustomizer@299321e2, org.springframework.boot.test.autoconfigure.OnFailureConditionReportContextCustomizerFactory$OnFailureConditionReportContextCustomizer@158a3b2e, org.springframework.boot.test.autoconfigure.actuate.observability.ObservabilityContextCustomizerFactory$DisableObservabilityContextCustomizer@1f, org.springframework.boot.test.autoconfigure.properties.PropertyMappingContextCustomizer@4b3fa0b3, org.springframework.boot.test.autoconfigure.web.servlet.WebDriverContextCustomizer@65fe9e33, org.springframework.test.context.support.DynamicPropertiesContextCustomizer@0, org.springframework.boot.test.context.SpringBootTestAnnotation@34e3b7f], resourceBasePath = "src/main/webapp", contextLoader = org.springframework.boot.test.context.SpringBootContextLoader, parent = null]
	at org.springframework.test.context.cache.DefaultCacheAwareContextLoaderDelegate.loadContext(DefaultCacheAwareContextLoaderDelegate.java:145)
	at org.springframework.test.context.support.DefaultTestContext.getApplicationContext(DefaultTestContext.java:130)
	at org.springframework.test.context.web.ServletTestExecutionListener.setUpRequestContextIfNecessary(ServletTestExecutionListener.java:200)
	at org.springframework.test.context.web.ServletTestExecutionListener.prepareTestInstance(ServletTestExecutionListener.java:139)
	at org.springframework.test.context.TestContextManager.prepareTestInstance(TestContextManager.java:260)
	at org.springframework.test.context.junit.jupiter.SpringExtension.postProcessTestInstance(SpringExtension.java:159)
	at java.base/java.util.stream.ForEachOps$ForEachOp$OfRef.accept(ForEachOps.java:184)
	at java.base/java.util.stream.ReferencePipeline$3$1.accept(ReferencePipeline.java:197)
	at java.base/java.util.stream.ReferencePipeline$2$1.accept(ReferencePipeline.java:179)
	at java.base/java.util.stream.ReferencePipeline$3$1.accept(ReferencePipeline.java:197)
	at java.base/java.util.ArrayList$ArrayListSpliterator.forEachRemaining(ArrayList.java:1708)
	at java.base/java.util.stream.AbstractPipeline.copyInto(AbstractPipeline.java:509)
	at java.base/java.util.stream.AbstractPipeline.wrapAndCopyInto(AbstractPipeline.java:499)
	at java.base/java.util.stream.ForEachOps$ForEachOp.evaluateSequential(ForEachOps.java:151)
	at java.base/java.util.stream.ForEachOps$ForEachOp$OfRef.evaluateSequential(ForEachOps.java:174)
	at java.base/java.util.stream.AbstractPipeline.evaluate(AbstractPipeline.java:234)
	at java.base/java.util.stream.ReferencePipeline.forEach(ReferencePipeline.java:596)
	at java.base/java.util.Optional.orElseGet(Optional.java:364)
	at java.base/java.util.ArrayList.forEach(ArrayList.java:1596)
	at java.base/java.util.ArrayList.forEach(ArrayList.java:1596)

